2021-12-07 14:00:35,087 - ERROR - <module>: 260 - Ошибка неверного типа данных!
Traceback (most recent call last):
  File "C:\Users\adam-\OneDrive - УрФУ\Documents\GitHub\laba8-9\лаба8-9\лаба8-9\лаба8_9.py", line 60, in <module>
    k, l = map(int, input("Введите через пробел номер вертикали и горизонтали для первой фигуры: ").split())
ValueError: not enough values to unpack (expected 2, got 0)
2021-12-07 14:00:58,797 - ERROR - <module>: 260 - Ошибка неверного типа данных!
Traceback (most recent call last):
  File "C:\Users\adam-\OneDrive - УрФУ\Documents\GitHub\laba8-9\лаба8-9\лаба8-9\лаба8_9.py", line 60, in <module>
    k, l = map(int, input("Введите через пробел номер вертикали и горизонтали для первой фигуры: ").split())
ValueError: not enough values to unpack (expected 2, got 1)
2021-12-07 14:01:26,087 - INFO - check_color: 9 - Равны ли остатки от деления на 2 суммы ( 1 и 2 ) и суммы ( 1 и 3 ) 
2021-12-07 14:01:26,088 - INFO - check_color: 20 - Остатки от деления на 2 - 1 и 0, они не равны 
2021-12-07 14:01:26,090 - INFO - Rook_move: 153 - 1 = 1 или 2 = 3
2021-12-07 14:01:26,090 - INFO - Rook_move: 154 - Так как ладья находится на одной вертикали или горизонтали - она угрожает пешке
2021-12-12 11:25:29,499 - INFO - check_color: 9 - Равны ли остатки от деления на 2 суммы ( 1 и 2 ) и суммы ( 5 и 4 ) 
2021-12-12 11:25:29,501 - INFO - check_color: 23 - Остатки от деления на 2 - 1 и 1, они равны 
2021-12-12 11:25:29,503 - INFO - Rook_move: 157 - 1 \u2260 5 или 2 \u2260 4
2021-12-12 11:25:29,503 - INFO - Rook_move: 158 - Так как ладья не находится на одной вертикали или горизонтали - она не угрожает пешке
2021-12-12 11:25:57,518 - INFO - check_color: 9 - Равны ли остатки от деления на 2 суммы ( 1 и 5 ) и суммы ( 6 и 5 ) 
2021-12-12 11:25:57,521 - INFO - check_color: 20 - Остатки от деления на 2 - 0 и 1, они не равны 
2021-12-12 11:25:57,522 - INFO - Knight_move: 211 - (5 \u2260 1 и 0 \u2260 2) или (5 \u2260 2 и 0 \u2260 1)
2021-12-12 11:25:57,523 - INFO - Knight_move: 212 - Конь не угрожает пешке
